<?xml version="1.0" encoding="UTF-8"?>
<testng-results ignored="0" total="2" passed="2" failed="0" skipped="0">
  <reporter-output>
  </reporter-output>
  <suite started-at="2024-08-12T09:54:52 IST" name="Default suite" finished-at="2024-08-12T09:54:53 IST" duration-ms="670">
    <groups>
      <group name="cucumber">
        <method signature="AbstractTestNGCucumberTests.runScenario(io.cucumber.testng.PickleWrapper,io.cucumber.testng.FeatureWrapper)[pri:0, instance:runner.Order_Confirmation_Runner2@2a7f1f10]" name="runScenario" class="io.cucumber.testng.AbstractTestNGCucumberTests"/>
      </group> <!-- cucumber -->
    </groups>
    <test started-at="2024-08-12T09:54:52 IST" name="Default test" finished-at="2024-08-12T09:54:53 IST" duration-ms="670">
      <class name="runner.Order_Confirmation_Runner2">
        <test-method is-config="true" signature="setUpClass(org.testng.ITestContext)[pri:0, instance:runner.Order_Confirmation_Runner2@2a7f1f10]" started-at="2024-08-12T09:54:52 IST" name="setUpClass" finished-at="2024-08-12T09:54:53 IST" duration-ms="310" status="PASS">
          <params>
            <param index="0">
              <value>
                <![CDATA[org.testng.TestRunner@293bb8a5]]>
              </value>
            </param>
          </params>
          <reporter-output>
          </reporter-output>
        </test-method> <!-- setUpClass -->
        <test-method signature="runScenario(io.cucumber.testng.PickleWrapper,io.cucumber.testng.FeatureWrapper)[pri:0, instance:runner.Order_Confirmation_Runner2@2a7f1f10]" started-at="2024-08-12T09:54:53 IST" name="runScenario" description="Runs Cucumber Scenarios" data-provider="scenarios" finished-at="2024-08-12T09:54:53 IST" duration-ms="266" status="PASS">
          <params>
            <param index="0">
              <value>
                <![CDATA["Order confirmation2"]]>
              </value>
            </param>
            <param index="1">
              <value>
                <![CDATA["Placing order feature2"]]>
              </value>
            </param>
          </params>
          <reporter-output>
          </reporter-output>
        </test-method> <!-- runScenario -->
        <test-method signature="runScenario(io.cucumber.testng.PickleWrapper,io.cucumber.testng.FeatureWrapper)[pri:0, instance:runner.Order_Confirmation_Runner2@2a7f1f10]" started-at="2024-08-12T09:54:53 IST" name="runScenario" description="Runs Cucumber Scenarios" data-provider="scenarios" finished-at="2024-08-12T09:54:53 IST" duration-ms="35" status="PASS">
          <params>
            <param index="0">
              <value>
                <![CDATA["title confirmation"]]>
              </value>
            </param>
            <param index="1">
              <value>
                <![CDATA["Placing order feature2"]]>
              </value>
            </param>
          </params>
          <reporter-output>
          </reporter-output>
        </test-method> <!-- runScenario -->
        <test-method is-config="true" signature="tearDownClass()[pri:0, instance:runner.Order_Confirmation_Runner2@2a7f1f10]" started-at="2024-08-12T09:54:53 IST" name="tearDownClass" finished-at="2024-08-12T09:54:53 IST" duration-ms="3" status="PASS">
          <reporter-output>
          </reporter-output>
        </test-method> <!-- tearDownClass -->
      </class> <!-- runner.Order_Confirmation_Runner2 -->
    </test> <!-- Default test -->
  </suite> <!-- Default suite -->
</testng-results>
